<?xml version="1.0" encoding="UTF-8"?>
<testsuite name="com.capgemini.test.AccountTest" tests="2" skipped="0" failures="0" errors="0" timestamp="2017-06-21T07:10:20" hostname="DIN51002919" time="0.101">
  <properties/>
  <testcase name="whenTheAmountIsLessThan500ItShouldThrowException" classname="com.capgemini.test.AccountTest" time="0.089"/>
  <testcase name="whenTheValidInfoIsPassedAccountObjectShouldBeCreatedSuccessfully" classname="com.capgemini.test.AccountTest" time="0.011"/>
  <system-out><![CDATA[]]></system-out>
  <system-err><![CDATA[]]></system-err>
</testsuite>
